<?xml version="1.0" encoding="UTF-8"?>
<!-- Generated by org.testng.reporters.JUnitXMLReporter -->
<testsuite hostname="DESKTOP-6SP0JUO" ignored="0" name="NewTourSiteTest" tests="12" failures="0" timestamp="2020-10-24T18:36:36 BDT" time="43.805" errors="0">
  <testcase name="checkLoginPageTitle" time="12.929" classname="com.bitm.SeleniumOnlineProject.Test.LoginTest"/>
  <testcase name="Logintest" time="6.772" classname="com.bitm.SeleniumOnlineProject.Test.LoginTest"/>
  <testcase name="ClickAssignLeavetest" time="2.596" classname="com.bitm.SeleniumOnlineProject.Test.AssignLeaveTest"/>
  <testcase name="Assignleavetest" time="0.12" classname="com.bitm.SeleniumOnlineProject.Test.AssignLeaveTest"/>
  <testcase name="ClickLeavetest" time="0.5" classname="com.bitm.SeleniumOnlineProject.Test.LeaveTypeTest"/>
  <testcase name="LeaveBalance" time="1.127" classname="com.bitm.SeleniumOnlineProject.Test.LeaveBalanceTest"/>
  <testcase name="LeaveBalanceDetails" time="0.079" classname="com.bitm.SeleniumOnlineProject.Test.LeaveBalanceTest"/>
  <testcase name="FromDate" time="1.146" classname="com.bitm.SeleniumOnlineProject.Test.DateSelectTest"/>
  <testcase name="ToDate" time="1.396" classname="com.bitm.SeleniumOnlineProject.Test.DateSelectTest"/>
  <testcase name="Comment" time="0.212" classname="com.bitm.SeleniumOnlineProject.Test.CommentTest"/>
  <testcase name="Assign" time="2.335" classname="com.bitm.SeleniumOnlineProject.Test.ClickAssignTest"/>
  <testcase name="Confirm" time="1.448" classname="com.bitm.SeleniumOnlineProject.Test.ConfirmLeaveAssignmentTest"/>
</testsuite> <!-- NewTourSiteTest -->
